src/components/AdminSettings.tsx(1,8): error TS6133: 'React' is declared but its value is never read.
src/components/AdminSettings.tsx(5,28): error TS6133: 'Bell' is declared but its value is never read.
src/components/AdminSystemReset.tsx(1,8): error TS6133: 'React' is declared but its value is never read.
src/components/AdminSystemReset.tsx(36,9): error TS2353: Object literal may only specify known properties, and 'success' does not exist in type '(prevState: null) => null'.
src/components/AdminSystemReset.tsx(43,9): error TS2353: Object literal may only specify known properties, and 'success' does not exist in type '(prevState: null) => null'.
src/components/AdminSystemReset.tsx(44,16): error TS18046: 'error' is of type 'unknown'.
src/components/AdminSystemReset.tsx(161,59): error TS2339: Property 'success' does not exist on type 'never'.
src/components/AdminSystemReset.tsx(162,23): error TS2339: Property 'success' does not exist on type 'never'.
src/components/AdminSystemReset.tsx(166,42): error TS2339: Property 'data' does not exist on type 'never'.
src/components/AdminSystemReset.tsx(167,40): error TS2339: Property 'data' does not exist on type 'never'.
src/components/AdminSystemReset.tsx(168,46): error TS2339: Property 'data' does not exist on type 'never'.
src/components/AdminSystemReset.tsx(169,52): error TS2339: Property 'data' does not exist on type 'never'.
src/components/AdminSystemReset.tsx(175,55): error TS2339: Property 'error' does not exist on type 'never'.
src/components/AffiliatePage.tsx(1,8): error TS6133: 'React' is declared but its value is never read.
src/components/AffiliatePage.tsx(6,25): error TS7006: Parameter 'value' implicitly has an 'any' type.
src/components/AffiliatePage.tsx(24,25): error TS7006: Parameter 'staff' implicitly has an 'any' type.
src/components/AffiliatePage.tsx(29,34): error TS2339: Property 'affiliateId' does not exist on type '{}'.
src/components/AffiliatePage.tsx(31,33): error TS2339: Property 'affiliateName' does not exist on type '{}'.
src/components/AffiliatePage.tsx(32,34): error TS2339: Property 'department' does not exist on type '{}'.
src/components/AffiliatePage.tsx(48,32): error TS7006: Parameter 'payload' implicitly has an 'any' type.
src/components/AffiliatePage.tsx(59,9): error TS7034: Variable 'records' implicitly has type 'any[]' in some locations where its type cannot be determined.
src/components/AffiliatePage.tsx(65,82): error TS2339: Property 'id' does not exist on type '{}'.
src/components/AffiliatePage.tsx(66,88): error TS2339: Property 'name' does not exist on type '{}'.
src/components/AffiliatePage.tsx(68,27): error TS7006: Parameter 'member' implicitly has an 'any' type.
src/components/AffiliatePage.tsx(73,39): error TS2339: Property 'id' does not exist on type '{}'.
src/components/AffiliatePage.tsx(74,41): error TS2339: Property 'name' does not exist on type '{}'.
src/components/AffiliatePage.tsx(79,10): error TS7005: Variable 'records' implicitly has an 'any[]' type.
src/components/AffiliatePage.tsx(82,29): error TS7006: Parameter 'records' implicitly has an 'any' type.
src/components/AffiliatePage.tsx(82,56): error TS7031: Binding element 'affiliateId' implicitly has an 'any' type.
src/components/AffiliatePage.tsx(82,69): error TS7031: Binding element 'affiliateName' implicitly has an 'any' type.
src/components/AffiliatePage.tsx(125,18): error TS2353: Object literal may only specify known properties, and 'name' does not exist in type '(prevState: null) => null'.
src/components/AffiliatePage.tsx(131,22): error TS2353: Object literal may only specify known properties, and 'name' does not exist in type '(prevState: null) => null'.
src/components/AffiliatePage.tsx(142,35): error TS7006: Parameter 'd' implicitly has an 'any' type.
src/components/AffiliatePage.tsx(147,24): error TS7006: Parameter 'n' implicitly has an 'any' type.
src/components/AffiliatePage.tsx(148,27): error TS7006: Parameter 'n' implicitly has an 'any' type.
src/components/AffiliatePage.tsx(158,22): error TS2345: Argument of type 'any[]' is not assignable to parameter of type 'SetStateAction<never[]>'.
  Type 'any[]' is not assignable to type 'never[]'.
    Type 'any' is not assignable to type 'never'.
src/components/AffiliatePage.tsx(196,19): error TS18046: 'e' is of type 'unknown'.
src/components/AffiliatePage.tsx(196,47): error TS18046: 'e' is of type 'unknown'.
src/components/AffiliatePage.tsx(197,17): error TS2554: Expected 0 arguments, but got 1.
src/components/AffiliatePage.tsx(210,17): error TS2554: Expected 0 arguments, but got 1.
src/components/AffiliatePage.tsx(222,17): error TS2554: Expected 0 arguments, but got 1.
src/components/AffiliatePage.tsx(224,19): error TS18046: 'e' is of type 'unknown'.
src/components/AffiliatePage.tsx(224,47): error TS18046: 'e' is of type 'unknown'.
src/components/AffiliatePage.tsx(224,87): error TS18046: 'e' is of type 'unknown'.
src/components/AffiliatePage.tsx(225,17): error TS2554: Expected 0 arguments, but got 1.
src/components/AffiliatePage.tsx(231,25): error TS7006: Parameter 'department' implicitly has an 'any' type.
src/components/AffiliatePage.tsx(238,44): error TS18047: 'hodModal.department' is possibly 'null'.
src/components/AffiliatePage.tsx(241,17): error TS2554: Expected 0 arguments, but got 1.
src/components/AffiliatePage.tsx(246,17): error TS2554: Expected 0 arguments, but got 1.
src/components/AffiliatePage.tsx(246,43): error TS18046: 'error' is of type 'unknown'.
src/components/AffiliatePage.tsx(254,7): error TS7053: Element implicitly has an 'any' type because expression of type 'any' can't be used to index type '{}'.
src/components/AffiliatePage.tsx(254,16): error TS2339: Property 'department' does not exist on type 'never'.
src/components/AffiliatePage.tsx(254,31): error TS7053: Element implicitly has an 'any' type because expression of type 'any' can't be used to index type '{}'.
src/components/AffiliatePage.tsx(254,40): error TS2339: Property 'department' does not exist on type 'never'.
src/components/AffiliatePage.tsx(283,66): error TS2339: Property 'name' does not exist on type 'never'.
src/components/AffiliatePage.tsx(290,27): error TS2339: Property 'name' does not exist on type 'never'.
src/components/AffiliatePage.tsx(293,22): error TS2339: Property 'email' does not exist on type 'never'.
src/components/AffiliatePage.tsx(308,24): error TS2339: Property 'name' does not exist on type 'never'.
src/components/AffiliatePage.tsx(331,18): error TS2339: Property 'name' does not exist on type 'never'.
src/components/AffiliatePage.tsx(339,27): error TS2339: Property 'id' does not exist on type 'never'.
src/components/AffiliatePage.tsx(343,76): error TS2339: Property 'name' does not exist on type 'never'.
src/components/AffiliatePage.tsx(344,26): error TS2339: Property 'description' does not exist on type 'never'.
src/components/AffiliatePage.tsx(345,70): error TS2339: Property 'description' does not exist on type 'never'.
src/components/AffiliatePage.tsx(348,36): error TS2339: Property 'staff_count' does not exist on type 'never'.
src/components/AffiliatePage.tsx(348,65): error TS2339: Property 'staff_count' does not exist on type 'never'.
src/components/AffiliatePage.tsx(348,80): error TS7053: Element implicitly has an 'any' type because expression of type 'any' can't be used to index type '{}'.
src/components/AffiliatePage.tsx(348,99): error TS2339: Property 'name' does not exist on type 'never'.
src/components/AffiliatePage.tsx(348,136): error TS2339: Property 'staff_count' does not exist on type 'never'.
src/components/AffiliatePage.tsx(348,165): error TS2339: Property 'staff_count' does not exist on type 'never'.
src/components/AffiliatePage.tsx(348,180): error TS7053: Element implicitly has an 'any' type because expression of type 'any' can't be used to index type '{}'.
src/components/AffiliatePage.tsx(348,199): error TS2339: Property 'name' does not exist on type 'never'.
src/components/AffiliatePage.tsx(350,26): error TS2339: Property 'manager' does not exist on type 'never'.
src/components/AffiliatePage.tsx(352,72): error TS2339: Property 'manager' does not exist on type 'never'.
src/components/AffiliatePage.tsx(352,90): error TS2339: Property 'manager' does not exist on type 'never'.
src/components/AffiliatePage.tsx(378,19): error TS2339: Property 'name' does not exist on type 'never'.
src/components/AffiliatePage.tsx(378,48): error TS2339: Property 'name' does not exist on type 'never'.
src/components/AffiliatePage.tsx(386,31): error TS2339: Property 'id' does not exist on type 'never'.
src/components/AffiliatePage.tsx(387,74): error TS2339: Property 'name' does not exist on type 'never'.
src/components/AffiliatePage.tsx(388,66): error TS2339: Property 'email' does not exist on type 'never'.
src/components/AffiliatePage.tsx(389,65): error TS2339: Property 'employee_id' does not exist on type 'never'.
src/components/AffiliatePage.tsx(390,67): error TS2339: Property 'role' does not exist on type 'never'.
src/components/AffiliatePage.tsx(391,24): error TS2339: Property 'hire_date' does not exist on type 'never'.
src/components/AffiliatePage.tsx(391,95): error TS2339: Property 'hire_date' does not exist on type 'never'.
src/components/AffiliatePage.tsx(421,19): error TS2322: Type 'string' is not assignable to type 'number'.
src/components/AffiliatePage.tsx(460,50): error TS7053: Element implicitly has an 'any' type because expression of type 'any' can't be used to index type '{}'.
src/components/AffiliatePage.tsx(460,56): error TS2339: Property 'id' does not exist on type 'never'.
src/components/AffiliatePage.tsx(472,35): error TS2339: Property 'id' does not exist on type 'never'.
src/components/AffiliatePage.tsx(476,36): error TS7053: Element implicitly has an 'any' type because expression of type 'any' can't be used to index type '{}'.
src/components/AffiliatePage.tsx(476,59): error TS2339: Property 'id' does not exist on type 'never'.
src/components/AffiliatePage.tsx(481,62): error TS2339: Property 'id' does not exist on type 'never'.
src/components/AffiliatePage.tsx(486,71): error TS2339: Property 'name' does not exist on type 'never'.
src/components/AffiliatePage.tsx(487,28): error TS2339: Property 'description' does not exist on type 'never'.
src/components/AffiliatePage.tsx(487,85): error TS2339: Property 'description' does not exist on type 'never'.
src/components/AffiliatePage.tsx(504,79): error TS7053: Element implicitly has an 'any' type because expression of type 'string' can't be used to index type '{}'.
  No index signature with a parameter of type 'string' was found on type '{}'.
src/components/AffiliatePage.tsx(506,31): error TS2554: Expected 0 arguments, but got 1.
src/components/AffiliatePage.tsx(514,33): error TS2554: Expected 0 arguments, but got 1.
src/components/AffiliatePage.tsx(516,33): error TS2554: Expected 0 arguments, but got 1.
src/components/AffiliatePage.tsx(521,33): error TS18046: 'e' is of type 'unknown'.
src/components/AffiliatePage.tsx(522,31): error TS2554: Expected 0 arguments, but got 1.
src/components/AffiliatePage.tsx(540,90): error TS2339: Property 'name' does not exist on type 'never'.
src/components/AffiliatePage.tsx(555,44): error TS2339: Property 'department' does not exist on type 'never'.
src/components/AffiliatePage.tsx(555,80): error TS2339: Property 'name' does not exist on type 'never'.
src/components/AffiliatePage.tsx(557,42): error TS2339: Property 'id' does not exist on type 'never'.
src/components/AffiliatePage.tsx(557,57): error TS2339: Property 'id' does not exist on type 'never'.
src/components/AffiliatePage.tsx(558,32): error TS2339: Property 'name' does not exist on type 'never'.
src/components/AffiliatePage.tsx(558,44): error TS2339: Property 'employee_id' does not exist on type 'never'.
src/components/AffiliatePage.tsx(563,39): error TS2339: Property 'manager' does not exist on type 'never'.
src/components/AffiliatePage.tsx(565,92): error TS2339: Property 'manager' does not exist on type 'never'.
src/components/AffiliatePage.tsx(565,128): error TS2339: Property 'manager' does not exist on type 'never'.
src/components/AffiliatePage.tsx(607,29): error TS7031: Binding element 'affiliate' implicitly has an 'any' type.
src/components/AffiliatePage.tsx(607,40): error TS7031: Binding element 'departments' implicitly has an 'any' type.
src/components/AffiliatePage.tsx(607,53): error TS7031: Binding element 'onClose' implicitly has an 'any' type.
src/components/AffiliatePage.tsx(607,62): error TS7031: Binding element 'onSuccess' implicitly has an 'any' type.
src/components/AffiliatePage.tsx(624,31): error TS7006: Parameter 'e' implicitly has an 'any' type.
src/components/AffiliatePage.tsx(628,49): error TS2339: Property 'first_name' does not exist on type '{}'.
src/components/AffiliatePage.tsx(629,48): error TS2339: Property 'last_name' does not exist on type '{}'.
src/components/AffiliatePage.tsx(630,44): error TS2339: Property 'email' does not exist on type '{}'.
src/components/AffiliatePage.tsx(631,72): error TS2339: Property 'password' does not exist on type '{}'.
src/components/AffiliatePage.tsx(632,84): error TS2339: Property 'department_id' does not exist on type '{}'.
src/components/AffiliatePage.tsx(652,17): error TS2339: Property 'employee_id' does not exist on type '{ department_id?: number | undefined; first_name: string; last_name: string; email: string; role: string; hire_date: string; password: string; affiliate_id: number; }'.
src/components/AffiliatePage.tsx(656,17): error TS2554: Expected 0 arguments, but got 1.
src/components/AffiliatePage.tsx(660,17): error TS2554: Expected 0 arguments, but got 1.
src/components/AffiliatePage.tsx(662,18): error TS18046: 'error' is of type 'unknown'.
src/components/AffiliatePage.tsx(662,50): error TS18046: 'error' is of type 'unknown'.
src/components/AffiliatePage.tsx(682,73): error TS2339: Property 'first_name' does not exist on type '{}'.
src/components/AffiliatePage.tsx(686,23): error TS2339: Property 'first_name' does not exist on type '{}'.
src/components/AffiliatePage.tsx(686,86): error TS2339: Property 'first_name' does not exist on type '{}'.
src/components/AffiliatePage.tsx(694,73): error TS2339: Property 'last_name' does not exist on type '{}'.
src/components/AffiliatePage.tsx(698,23): error TS2339: Property 'last_name' does not exist on type '{}'.
src/components/AffiliatePage.tsx(698,85): error TS2339: Property 'last_name' does not exist on type '{}'.
src/components/AffiliatePage.tsx(708,71): error TS2339: Property 'email' does not exist on type '{}'.
src/components/AffiliatePage.tsx(712,21): error TS2339: Property 'email' does not exist on type '{}'.
src/components/AffiliatePage.tsx(712,79): error TS2339: Property 'email' does not exist on type '{}'.
src/components/AffiliatePage.tsx(734,73): error TS2339: Property 'department_id' does not exist on type '{}'.
src/components/AffiliatePage.tsx(739,34): error TS7006: Parameter 'dept' implicitly has an 'any' type.
src/components/AffiliatePage.tsx(743,23): error TS2339: Property 'department_id' does not exist on type '{}'.
src/components/AffiliatePage.tsx(743,89): error TS2339: Property 'department_id' does not exist on type '{}'.
src/components/AffiliatePage.tsx(791,71): error TS2339: Property 'password' does not exist on type '{}'.
src/components/AffiliatePage.tsx(796,21): error TS2339: Property 'password' does not exist on type '{}'.
src/components/AffiliatePage.tsx(796,82): error TS2339: Property 'password' does not exist on type '{}'.
src/components/CEOApprovals.tsx(1,8): error TS6133: 'React' is declared but its value is never read.
src/components/CEOApprovals.tsx(56,17): error TS2554: Expected 0 arguments, but got 1.
src/components/CEOApprovals.tsx(90,31): error TS7006: Parameter 'requestId' implicitly has an 'any' type.
src/components/CEOApprovals.tsx(90,42): error TS7006: Parameter 'action' implicitly has an 'any' type.
src/components/CEOApprovals.tsx(100,57): error TS2339: Property 'id' does not exist on type 'never'.
src/components/CEOApprovals.tsx(101,39): error TS2339: Property 'id' does not exist on type 'never'.
src/components/CEOApprovals.tsx(102,45): error TS2339: Property 'id' does not exist on type 'never'.
src/components/CEOApprovals.tsx(105,17): error TS2554: Expected 0 arguments, but got 1.
src/components/CEOApprovals.tsx(111,29): error TS2339: Property 'response' does not exist on type '{}'.
src/components/CEOApprovals.tsx(111,61): error TS2339: Property 'response' does not exist on type '{}'.
src/components/CEOApprovals.tsx(112,17): error TS2554: Expected 0 arguments, but got 1.
src/components/CEOApprovals.tsx(121,25): error TS7006: Parameter 'requestId' implicitly has an 'any' type.
src/components/CEOApprovals.tsx(127,17): error TS2554: Expected 0 arguments, but got 1.
src/components/CEOApprovals.tsx(135,28): error TS7006: Parameter 'request' implicitly has an 'any' type.
src/components/CEOApprovals.tsx(139,34): error TS7006: Parameter 'request' implicitly has an 'any' type.
src/components/CEOApprovals.tsx(143,23): error TS7006: Parameter 'dateString' implicitly has an 'any' type.
src/components/CEOApprovals.tsx(147,30): error TS7006: Parameter 'startDate' implicitly has an 'any' type.
src/components/CEOApprovals.tsx(147,41): error TS7006: Parameter 'endDate' implicitly has an 'any' type.
src/components/CEOApprovals.tsx(150,31): error TS2362: The left-hand side of an arithmetic operation must be of type 'any', 'number', 'bigint' or an enum type.
src/components/CEOApprovals.tsx(150,37): error TS2363: The right-hand side of an arithmetic operation must be of type 'any', 'number', 'bigint' or an enum type.
src/components/CEOApprovals.tsx(155,26): error TS7031: Binding element 'request' implicitly has an 'any' type.
src/components/CEOApprovals.tsx(155,35): error TS7031: Binding element 'categoryType' implicitly has an 'any' type.
src/components/CEOApprovals.tsx(156,25): error TS7053: Element implicitly has an 'any' type because expression of type 'any' can't be used to index type '{}'.
src/components/CEOApprovals.tsx(157,25): error TS7053: Element implicitly has an 'any' type because expression of type 'any' can't be used to index type '{}'.
src/components/CEOApprovals.tsx(163,10): error TS2741: Property 'onDismiss' is missing in type '{ leaveRequest: any; className: string; }' but required in type '{ leaveRequest: any; onDismiss: any; className?: string | undefined; }'.
src/components/CEOApprovals.tsx(373,16): error TS7053: Element implicitly has an 'any' type because expression of type 'string' can't be used to index type '{ hod_manager: never[]; hr: never[]; staff: never[]; }'.
  No index signature with a parameter of type 'string' was found on type '{ hod_manager: never[]; hr: never[]; staff: never[]; }'.
src/components/CEOApprovals.tsx(385,20): error TS7053: Element implicitly has an 'any' type because expression of type 'string' can't be used to index type '{ hod_manager: never[]; hr: never[]; staff: never[]; }'.
  No index signature with a parameter of type 'string' was found on type '{ hod_manager: never[]; hr: never[]; staff: never[]; }'.
src/components/CEOApprovals.tsx(385,43): error TS7006: Parameter 'request' implicitly has an 'any' type.
src/components/CEOApprovals.tsx(454,30): error TS7053: Element implicitly has an 'any' type because expression of type 'string' can't be used to index type '{ hod_manager: never[]; hr: never[]; staff: never[]; }'.
  No index signature with a parameter of type 'string' was found on type '{ hod_manager: never[]; hr: never[]; staff: never[]; }'.
src/components/CEOApprovals.tsx(480,14): error TS7053: Element implicitly has an 'any' type because expression of type 'string' can't be used to index type '{ hod_manager: never[]; hr: never[]; staff: never[]; }'.
  No index signature with a parameter of type 'string' was found on type '{ hod_manager: never[]; hr: never[]; staff: never[]; }'.
src/components/CEOApprovals.tsx(484,19): error TS7053: Element implicitly has an 'any' type because expression of type 'string' can't be used to index type '{ hod_manager: never[]; hr: never[]; staff: never[]; }'.
  No index signature with a parameter of type 'string' was found on type '{ hod_manager: never[]; hr: never[]; staff: never[]; }'.
src/components/CEOApprovals.tsx(484,63): error TS7006: Parameter 'request' implicitly has an 'any' type.
src/components/common/Skeleton.tsx(1,1): error TS6133: 'React' is declared but its value is never read.
src/components/Dashboard.tsx(1,8): error TS6133: 'React' is declared but its value is never read.
src/components/Dashboard.tsx(19,29): error TS2345: Argument of type 'any[]' is not assignable to parameter of type 'SetStateAction<never[]>'.
  Type 'any[]' is not assignable to type 'never[]'.
    Type 'any' is not assignable to type 'never'.
src/components/Dashboard.tsx(42,27): error TS7006: Parameter 'status' implicitly has an 'any' type.
src/components/Dashboard.tsx(48,12): error TS7053: Element implicitly has an 'any' type because expression of type 'any' can't be used to index type '{ pending: string; approved: string; rejected: string; }'.
src/components/Dashboard.tsx(51,25): error TS7006: Parameter 'type' implicitly has an 'any' type.
src/components/Dashboard.tsx(146,45): error TS2339: Property 'leave_type' does not exist on type 'never'.
src/components/Dashboard.tsx(149,44): error TS2339: Property 'remaining_days' does not exist on type 'never'.
src/components/Dashboard.tsx(149,69): error TS2339: Property 'entitled_days' does not exist on type 'never'.
src/components/Dashboard.tsx(154,30): error TS2339: Property 'leave_type' does not exist on type 'never'.
src/components/Dashboard.tsx(159,32): error TS2339: Property 'remaining_days' does not exist on type 'never'.
src/components/Dashboard.tsx(162,34): error TS2339: Property 'entitled_days' does not exist on type 'never'.
src/components/Dashboard.tsx(170,51): error TS2339: Property 'remaining_days' does not exist on type 'never'.
src/components/Dashboard.tsx(170,76): error TS2339: Property 'entitled_days' does not exist on type 'never'.
src/components/Dashboard.tsx(206,38): error TS2339: Property 'id' does not exist on type 'never'.
src/components/Dashboard.tsx(210,51): error TS2339: Property 'leave_type_name' does not exist on type 'never'.
src/components/Dashboard.tsx(214,40): error TS2339: Property 'leave_type_name' does not exist on type 'never'.
src/components/Dashboard.tsx(217,40): error TS2339: Property 'reason' does not exist on type 'never'.
src/components/Dashboard.tsx(223,43): error TS2339: Property 'start_date' does not exist on type 'never'.
src/components/Dashboard.tsx(223,97): error TS2339: Property 'end_date' does not exist on type 'never'.
src/components/Dashboard.tsx(227,87): error TS2339: Property 'employee_name' does not exist on type 'never'.
src/components/Dashboard.tsx(228,75): error TS2339: Property 'employee_department' does not exist on type 'never'.
src/components/Dashboard.tsx(232,88): error TS2339: Property 'total_days' does not exist on type 'never'.
src/components/Dashboard.tsx(235,145): error TS2339: Property 'status' does not exist on type 'never'.
src/components/Dashboard.tsx(236,50): error TS2339: Property 'status' does not exist on type 'never'.
src/components/Dashboard.tsx(238,111): error TS2339: Property 'status' does not exist on type 'never'.
src/components/Dashboard.tsx(239,43): error TS2339: Property 'status_display' does not exist on type 'never'.
src/components/Dashboard.tsx(239,69): error TS2339: Property 'stage_label' does not exist on type 'never'.
src/components/Dashboard.tsx(240,42): error TS2339: Property 'status_display' does not exist on type 'never'.
src/components/Dashboard.tsx(241,42): error TS2339: Property 'status' does not exist on type 'never'.
src/components/Dashboard.tsx(264,24): error TS7006: Parameter 'status' implicitly has an 'any' type.
src/components/ErrorBoundary.tsx(9,15): error TS7006: Parameter 'props' implicitly has an 'any' type.
src/components/ErrorBoundary.tsx(14,35): error TS7006: Parameter 'error' implicitly has an 'any' type.
src/components/ErrorBoundary.tsx(18,21): error TS7006: Parameter 'error' implicitly has an 'any' type.
src/components/ErrorBoundary.tsx(18,28): error TS7006: Parameter 'info' implicitly has an 'any' type.
src/components/ErrorBoundary.tsx(30,20): error TS2339: Property 'hasError' does not exist on type 'Readonly<{}>'.
src/components/ErrorBoundary.tsx(35,23): error TS2339: Property 'error' does not exist on type 'Readonly<{}>'.
src/components/ErrorBoundary.tsx(37,34): error TS2339: Property 'error' does not exist on type 'Readonly<{}>'.
src/components/ErrorBoundary.tsx(37,62): error TS2339: Property 'error' does not exist on type 'Readonly<{}>'.
src/components/ErrorBoundary.tsx(49,23): error TS2339: Property 'children' does not exist on type 'Readonly<{}>'.
src/components/HRApprovals.tsx(1,8): error TS6133: 'React' is declared but its value is never read.
src/components/HRApprovals.tsx(7,27): error TS6133: 'User' is declared but its value is never read.
src/components/HRApprovals.tsx(7,44): error TS6133: 'Calendar' is declared but its value is never read.
src/components/HRApprovals.tsx(7,64): error TS6133: 'ChevronRight' is declared but its value is never read.
src/components/HRApprovals.tsx(11,9): error TS6133: 'user' is declared but its value is never read.
src/components/HRApprovals.tsx(13,10): error TS6133: 'pendingApprovals' is declared but its value is never read.
src/components/HRApprovals.tsx(77,33): error TS7006: Parameter 'request' implicitly has an 'any' type.
src/components/HRApprovals.tsx(89,31): error TS7006: Parameter 'requestId' implicitly has an 'any' type.
src/components/HRApprovals.tsx(89,42): error TS7006: Parameter 'action' implicitly has an 'any' type.
src/components/HRApprovals.tsx(94,19): error TS2554: Expected 0 arguments, but got 1.
src/components/HRApprovals.tsx(97,19): error TS2554: Expected 0 arguments, but got 1.
src/components/HRApprovals.tsx(105,17): error TS2554: Expected 0 arguments, but got 1.
src/components/HRApprovals.tsx(111,28): error TS7006: Parameter 'request' implicitly has an 'any' type.
src/components/HRApprovals.tsx(111,37): error TS7006: Parameter 'action' implicitly has an 'any' type.
src/components/HRApprovals.tsx(193,57): error TS7006: Parameter 'request' implicitly has an 'any' type.
src/components/HRApprovals.tsx(200,20): error TS2741: Property 'onDismiss' is missing in type '{ leaveRequest: any; className: string; }' but required in type '{ leaveRequest: any; onDismiss: any; className?: string | undefined; }'.
src/components/HRApprovals.tsx(304,63): error TS7006: Parameter 'record' implicitly has an 'any' type.
src/components/HRApprovals.tsx(363,51): error TS18047: 'selectedRequest' is possibly 'null'.
src/components/LeaveHistory.tsx(1,8): error TS6133: 'React' is declared but its value is never read.
src/components/LeaveHistory.tsx(29,28): error TS7006: Parameter 'status' implicitly has an 'any' type.
src/components/LeaveHistory.tsx(45,60): error TS2339: Property 'id' does not exist on type 'never'.
src/components/LeaveHistory.tsx(53,17): error TS2554: Expected 0 arguments, but got 1.
src/components/LeaveHistory.tsx(57,17): error TS2554: Expected 0 arguments, but got 1.
src/components/LeaveHistory.tsx(57,43): error TS18046: 'error' is of type 'unknown'.
src/components/LeaveHistory.tsx(90,60): error TS2339: Property 'status' does not exist on type 'never'.
src/components/LeaveHistory.tsx(95,32): error TS2339: Property 'id' does not exist on type 'never'.
src/components/LeaveHistory.tsx(110,56): error TS2339: Property 'created_at' does not exist on type 'never'.
src/components/LeaveHistory.tsx(115,86): error TS2339: Property 'leave_type_name' does not exist on type 'never'.
src/components/LeaveHistory.tsx(119,47): error TS2339: Property 'start_date' does not exist on type 'never'.
src/components/LeaveHistory.tsx(119,101): error TS2339: Property 'end_date' does not exist on type 'never'.
src/components/LeaveHistory.tsx(123,38): error TS2339: Property 'working_days' does not exist on type 'never'.
src/components/LeaveHistory.tsx(129,33): error TS2339: Property 'reason' does not exist on type 'never'.
src/components/LeaveHistory.tsx(129,51): error TS2339: Property 'manager_comments' does not exist on type 'never'.
src/components/LeaveHistory.tsx(131,36): error TS2339: Property 'reason' does not exist on type 'never'.
src/components/LeaveHistory.tsx(134,71): error TS2339: Property 'reason' does not exist on type 'never'.
src/components/LeaveHistory.tsx(137,36): error TS2339: Property 'manager_comments' does not exist on type 'never'.
src/components/LeaveHistory.tsx(140,71): error TS2339: Property 'manager_comments' does not exist on type 'never'.
src/components/LeaveHistory.tsx(148,30): error TS2339: Property 'status' does not exist on type 'never'.
src/components/LeaveHistory.tsx(214,21): error TS2322: Type 'string' is not assignable to type 'number'.
src/components/LoginBranding.tsx(1,1): error TS6133: 'React' is declared but its value is never read.
src/components/ManagerDashboard.tsx(1,8): error TS6133: 'React' is declared but its value is never read.
src/components/ManagerDashboard.tsx(7,27): error TS6133: 'User' is declared but its value is never read.
src/components/ManagerDashboard.tsx(7,44): error TS6133: 'Calendar' is declared but its value is never read.
src/components/ManagerDashboard.tsx(7,91): error TS6133: 'Search' is declared but its value is never read.
src/components/ManagerDashboard.tsx(11,9): error TS6133: 'user' is declared but its value is never read.
src/components/ManagerDashboard.tsx(39,36): error TS7006: Parameter 'page' implicitly has an 'any' type.
src/components/ManagerDashboard.tsx(59,27): error TS2339: Property 'id' does not exist on type 'never'.
src/components/ManagerDashboard.tsx(61,50): error TS2339: Property 'id' does not exist on type 'never'.
src/components/ManagerDashboard.tsx(62,19): error TS2554: Expected 0 arguments, but got 1.
src/components/ManagerDashboard.tsx(64,50): error TS2339: Property 'id' does not exist on type 'never'.
src/components/ManagerDashboard.tsx(65,19): error TS2554: Expected 0 arguments, but got 1.
src/components/ManagerDashboard.tsx(73,17): error TS2554: Expected 0 arguments, but got 1.
src/components/ManagerDashboard.tsx(79,28): error TS7006: Parameter 'request' implicitly has an 'any' type.
src/components/ManagerDashboard.tsx(79,37): error TS7006: Parameter 'action' implicitly has an 'any' type.
src/components/ManagerDashboard.tsx(115,32): error TS2339: Property 'id' does not exist on type 'never'.
src/components/ManagerDashboard.tsx(121,20): error TS2741: Property 'onDismiss' is missing in type '{ leaveRequest: any; className: string; }' but required in type '{ leaveRequest: any; onDismiss: any; className?: string | undefined; }'.
src/components/ManagerDashboard.tsx(123,25): error TS2698: Spread types may only be created from object types.
src/components/ManagerDashboard.tsx(124,57): error TS2339: Property 'employee_department_id' does not exist on type 'never'.
src/components/ManagerDashboard.tsx(124,91): error TS2339: Property 'department_id' does not exist on type 'never'.
src/components/ManagerDashboard.tsx(125,46): error TS2339: Property 'employee_id' does not exist on type 'never'.
src/components/ManagerDashboard.tsx(125,69): error TS2339: Property 'employee' does not exist on type 'never'.
src/components/ManagerDashboard.tsx(134,37): error TS2339: Property 'employee_name' does not exist on type 'never'.
src/components/ManagerDashboard.tsx(137,80): error TS2339: Property 'employee_name' does not exist on type 'never'.
src/components/ManagerDashboard.tsx(139,73): error TS2339: Property 'employee_department' does not exist on type 'never'.
src/components/ManagerDashboard.tsx(147,81): error TS2339: Property 'leave_type_name' does not exist on type 'never'.
src/components/ManagerDashboard.tsx(151,81): error TS2339: Property 'total_days' does not exist on type 'never'.
src/components/ManagerDashboard.tsx(153,50): error TS2339: Property 'start_date' does not exist on type 'never'.
src/components/ManagerDashboard.tsx(153,104): error TS2339: Property 'end_date' does not exist on type 'never'.
src/components/ManagerDashboard.tsx(158,32): error TS2339: Property 'reason' does not exist on type 'never'.
src/components/ManagerDashboard.tsx(161,70): error TS2339: Property 'reason' does not exist on type 'never'.
src/components/ManagerDashboard.tsx(169,57): error TS2339: Property 'id' does not exist on type 'never'.
src/components/ManagerDashboard.tsx(172,48): error TS2339: Property 'id' does not exist on type 'never'.
src/components/ManagerDashboard.tsx(176,57): error TS2339: Property 'id' does not exist on type 'never'.
src/components/ManagerDashboard.tsx(206,35): error TS2339: Property 'id' does not exist on type 'never'.
src/components/ManagerDashboard.tsx(208,126): error TS2339: Property 'status' does not exist on type 'never'.
src/components/ManagerDashboard.tsx(208,160): error TS2339: Property 'status' does not exist on type 'never'.
src/components/ManagerDashboard.tsx(210,78): error TS2339: Property 'employee_name' does not exist on type 'never'.
src/components/ManagerDashboard.tsx(211,74): error TS2339: Property 'leave_type_name' does not exist on type 'never'.
src/components/ManagerDashboard.tsx(211,101): error TS2339: Property 'total_days' does not exist on type 'never'.
src/components/ManagerDashboard.tsx(215,41): error TS2339: Property 'created_at' does not exist on type 'never'.
src/components/ManagerDashboard.tsx(216,122): error TS2339: Property 'status' does not exist on type 'never'.
src/components/ManagerDashboard.tsx(216,158): error TS2339: Property 'status' does not exist on type 'never'.
src/components/ManagerDashboard.tsx(217,35): error TS2339: Property 'status' does not exist on type 'never'.
src/components/ManagerDashboard.tsx(217,78): error TS7006: Parameter 'l' implicitly has an 'any' type.
src/components/ManagerDashboard.tsx(268,105): error TS2339: Property 'employee_name' does not exist on type 'never'.
src/components/ManagerDashboard.tsx(278,23): error TS2322: Type 'string' is not assignable to type 'number'.
src/components/MyProfile.tsx(1,8): error TS6133: 'React' is declared but its value is never read.
src/components/MyProfile.tsx(27,30): error TS7006: Parameter 'e' implicitly has an 'any' type.
src/components/MyProfile.tsx(45,33): error TS7006: Parameter 'e' implicitly has an 'any' type.
src/components/MyProfile.tsx(50,38): error TS7006: Parameter 'e' implicitly has an 'any' type.
src/components/MyProfile.tsx(67,17): error TS2554: Expected 0 arguments, but got 1.
src/components/MyProfile.tsx(70,17): error TS2554: Expected 0 arguments, but got 1.
src/components/MyProfile.tsx(70,43): error TS18046: 'error' is of type 'unknown'.
src/components/MyProfile.tsx(76,39): error TS7006: Parameter 'e' implicitly has an 'any' type.
src/components/MyProfile.tsx(80,17): error TS2554: Expected 0 arguments, but got 1.
src/components/MyProfile.tsx(85,17): error TS2554: Expected 0 arguments, but got 1.
src/components/MyProfile.tsx(97,17): error TS2554: Expected 0 arguments, but got 1.
src/components/MyProfile.tsx(100,17): error TS2554: Expected 0 arguments, but got 1.
src/components/MyProfile.tsx(100,43): error TS18046: 'error' is of type 'unknown'.
src/components/Navbar.tsx(1,8): error TS6133: 'React' is declared but its value is never read.
src/components/Navbar.tsx(4,35): error TS7016: Could not find a declaration file for module '../hooks/useApprovalCounts'. 'C:/Users/user/OneDrive/Desktop/annoying human project/Leave-Request-Management/frontend/src/hooks/useApprovalCounts.js' implicitly has an 'any' type.
src/components/OverlapAdvisory.tsx(1,8): error TS6133: 'React' is declared but its value is never read.
src/components/OverlapAdvisory.tsx(4,28): error TS7031: Binding element 'leaveRequest' implicitly has an 'any' type.
src/components/OverlapAdvisory.tsx(4,42): error TS7031: Binding element 'onDismiss' implicitly has an 'any' type.
src/components/OverlapAdvisory.tsx(31,42): error TS7006: Parameter 'o' implicitly has an 'any' type.
src/components/OverlapAdvisory.tsx(34,52): error TS7006: Parameter 'o' implicitly has an 'any' type.
src/components/RoleManagement.tsx(1,8): error TS6133: 'React' is declared but its value is never read.
src/components/RoleManagement.tsx(27,17): error TS2554: Expected 0 arguments, but got 1.
src/components/RoleManagement.tsx(33,29): error TS7006: Parameter 'roleCode' implicitly has an 'any' type.
src/components/RoleManagement.tsx(41,42): error TS7006: Parameter 'ent' implicitly has an 'any' type.
src/components/RoleManagement.tsx(42,9): error TS7053: Element implicitly has an 'any' type because expression of type 'any' can't be used to index type '{}'.
src/components/RoleManagement.tsx(47,17): error TS2554: Expected 0 arguments, but got 1.
src/components/RoleManagement.tsx(53,30): error TS7006: Parameter 'leaveTypeId' implicitly has an 'any' type.
src/components/RoleManagement.tsx(53,43): error TS7006: Parameter 'days' implicitly has an 'any' type.
src/components/RoleManagement.tsx(69,33): error TS2345: Argument of type 'unknown' is not assignable to parameter of type 'string'.
src/components/RoleManagement.tsx(73,51): error TS2339: Property 'role_code' does not exist on type 'never'.
src/components/RoleManagement.tsx(77,17): error TS2554: Expected 0 arguments, but got 1.
src/components/RoleManagement.tsx(79,59): error TS2339: Property 'role_display' does not exist on type 'never'.
src/components/RoleManagement.tsx(86,37): error TS2339: Property 'role_code' does not exist on type 'never'.
src/components/RoleManagement.tsx(90,28): error TS18046: 'error' is of type 'unknown'.
src/components/RoleManagement.tsx(91,17): error TS2554: Expected 0 arguments, but got 1.
src/components/RoleManagement.tsx(97,24): error TS7006: Parameter 'roleCode' implicitly has an 'any' type.
src/components/RoleManagement.tsx(105,12): error TS7053: Element implicitly has an 'any' type because expression of type 'any' can't be used to index type '{ junior_staff: string; senior_staff: string; manager: string; hr: string; admin: string; }'.
src/components/RoleManagement.tsx(108,25): error TS7006: Parameter 'roleCode' implicitly has an 'any' type.
src/components/RoleManagement.tsx(116,12): error TS7053: Element implicitly has an 'any' type because expression of type 'any' can't be used to index type '{ junior_staff: string; senior_staff: string; manager: string; hr: string; admin: string; }'.
src/components/RoleManagement.tsx(141,25): error TS2339: Property 'role_code' does not exist on type 'never'.
src/components/RoleManagement.tsx(142,117): error TS2339: Property 'role_code' does not exist on type 'never'.
src/components/RoleManagement.tsx(143,46): error TS2339: Property 'role_code' does not exist on type 'never'.
src/components/RoleManagement.tsx(146,62): error TS2339: Property 'role_code' does not exist on type 'never'.
src/components/RoleManagement.tsx(148,63): error TS2339: Property 'role_display' does not exist on type 'never'.
src/components/RoleManagement.tsx(149,59): error TS2339: Property 'user_count' does not exist on type 'never'.
src/components/RoleManagement.tsx(149,81): error TS2339: Property 'user_count' does not exist on type 'never'.
src/components/RoleManagement.tsx(155,23): error TS2339: Property 'entitlements' does not exist on type 'never'.
src/components/RoleManagement.tsx(155,53): error TS7006: Parameter 'ent' implicitly has an 'any' type.
src/components/RoleManagement.tsx(161,23): error TS2339: Property 'entitlements' does not exist on type 'never'.
src/components/RoleManagement.tsx(162,62): error TS2339: Property 'entitlements' does not exist on type 'never'.
src/components/RoleManagement.tsx(177,68): error TS2339: Property 'role_code' does not exist on type 'never'.
src/components/RoleManagement.tsx(179,69): error TS2339: Property 'role_display' does not exist on type 'never'.
src/components/RoleManagement.tsx(181,33): error TS2339: Property 'user_count' does not exist on type 'never'.
src/components/RoleManagement.tsx(181,63): error TS2339: Property 'user_count' does not exist on type 'never'.
src/components/RoleManagement.tsx(181,108): error TS2339: Property 'year' does not exist on type 'never'.
src/components/RoleManagement.tsx(206,39): error TS2339: Property 'id' does not exist on type 'never'.
src/components/RoleManagement.tsx(208,77): error TS2339: Property 'name' does not exist on type 'never'.
src/components/RoleManagement.tsx(209,34): error TS2339: Property 'description' does not exist on type 'never'.
src/components/RoleManagement.tsx(210,75): error TS2339: Property 'description' does not exist on type 'never'.
src/components/RoleManagement.tsx(218,32): error TS7053: Element implicitly has an 'any' type because expression of type 'any' can't be used to index type '{}'.
src/components/RoleManagement.tsx(218,55): error TS2339: Property 'id' does not exist on type 'never'.
src/components/RoleManagement.tsx(219,70): error TS2339: Property 'id' does not exist on type 'never'.
src/components/StaffManagement.tsx(9,20): error TS6133: 'Briefcase' is declared but its value is never read.
src/components/StaffManagement.tsx(9,31): error TS6133: 'FileText' is declared but its value is never read.
src/components/StaffManagement.tsx(10,17): error TS6133: 'Trash2' is declared but its value is never read.
src/components/StaffManagement.tsx(10,25): error TS6133: 'Edit2' is declared but its value is never read.
src/components/StaffManagement.tsx(10,32): error TS6133: 'ChevronDown' is declared but its value is never read.
src/components/StaffManagement.tsx(11,13): error TS6133: 'Mail' is declared but its value is never read.
src/components/StaffManagement.tsx(11,44): error TS6133: 'AlertCircle' is declared but its value is never read.
src/components/StaffManagement.tsx(11,57): error TS6133: 'Check' is declared but its value is never read.
src/components/StaffManagement.tsx(13,1): error TS6133: 'Skeleton' is declared but its value is never read.
src/components/StaffManagement.tsx(70,9): error TS7034: Variable 'records' implicitly has type 'any[]' in some locations where its type cannot be determined.
src/components/StaffManagement.tsx(78,27): error TS7006: Parameter 'member' implicitly has an 'any' type.
src/components/StaffManagement.tsx(88,10): error TS7005: Variable 'records' implicitly has an 'any[]' type.
src/components/StaffManagement.tsx(109,10): error TS6133: 'departments' is declared but its value is never read.
src/components/StaffManagement.tsx(112,10): error TS6133: 'loading' is declared but its value is never read.
src/components/StaffManagement.tsx(113,10): error TS6133: 'expandedDepts' is declared but its value is never read.
src/components/StaffManagement.tsx(113,25): error TS6133: 'setExpandedDepts' is declared but its value is never read.
src/components/StaffManagement.tsx(120,10): error TS6133: 'leaveTypeModal' is declared but its value is never read.
src/components/StaffManagement.tsx(122,10): error TS6133: 'profileRoleSaving' is declared but its value is never read.
src/components/StaffManagement.tsx(122,29): error TS6133: 'setProfileRoleSaving' is declared but its value is never read.
src/components/StaffManagement.tsx(124,10): error TS6133: 'profileFieldsSaving' is declared but its value is never read.
src/components/StaffManagement.tsx(125,10): error TS6133: 'resetPasswordSaving' is declared but its value is never read.
src/components/StaffManagement.tsx(125,31): error TS6133: 'setResetPasswordSaving' is declared but its value is never read.
src/components/StaffManagement.tsx(126,10): error TS6133: 'updateEmailSaving' is declared but its value is never read.
src/components/StaffManagement.tsx(126,29): error TS6133: 'setUpdateEmailSaving' is declared but its value is never read.
src/components/StaffManagement.tsx(127,10): error TS6133: 'benefitsModal' is declared but its value is never read.
src/components/StaffManagement.tsx(127,25): error TS6133: 'setBenefitsModal' is declared but its value is never read.
src/components/StaffManagement.tsx(128,10): error TS6133: 'leaveHistoryModal' is declared but its value is never read.
src/components/StaffManagement.tsx(128,29): error TS6133: 'setLeaveHistoryModal' is declared but its value is never read.
src/components/StaffManagement.tsx(129,10): error TS6133: 'newDepartmentModal' is declared but its value is never read.
src/components/StaffManagement.tsx(129,30): error TS6133: 'setNewDepartmentModal' is declared but its value is never read.
src/components/StaffManagement.tsx(130,10): error TS6133: 'newAffiliateModal' is declared but its value is never read.
src/components/StaffManagement.tsx(131,10): error TS6133: 'deleteEmployeeModal' is declared but its value is never read.
src/components/StaffManagement.tsx(131,31): error TS6133: 'setDeleteEmployeeModal' is declared but its value is never read.
src/components/StaffManagement.tsx(132,10): error TS6133: 'deleteAffiliateModal' is declared but its value is never read.
src/components/StaffManagement.tsx(132,32): error TS6133: 'setDeleteAffiliateModal' is declared but its value is never read.
src/components/StaffManagement.tsx(133,10): error TS6133: 'hodModal' is declared but its value is never read.
src/components/StaffManagement.tsx(133,20): error TS6133: 'setHodModal' is declared but its value is never read.
src/components/StaffManagement.tsx(138,10): error TS6133: 'selectedRole' is declared but its value is never read.
src/components/StaffManagement.tsx(151,44): error TS7006: Parameter 'd' implicitly has an 'any' type.
src/components/StaffManagement.tsx(152,47): error TS7006: Parameter 'd' implicitly has an 'any' type.
src/components/StaffManagement.tsx(159,26): error TS7006: Parameter 'd' implicitly has an 'any' type.
src/components/StaffManagement.tsx(161,34): error TS7006: Parameter 's' implicitly has an 'any' type.
src/components/StaffManagement.tsx(187,17): error TS2554: Expected 0 arguments, but got 1.
src/components/StaffManagement.tsx(273,68): error TS2322: Type '{ id: any; employee_id: any; email: any; role: any; department_name: any; hire_date: any; first_name: any; last_name: any; }' is not assignable to type 'null'.
src/components/StaffManagement.tsx(282,19): error TS18046: 'e' is of type 'unknown'.
src/components/StaffManagement.tsx(284,17): error TS2554: Expected 0 arguments, but got 1.
src/components/StaffManagement.tsx(307,106): error TS7053: Element implicitly has an 'any' type because expression of type 'any' can't be used to index type '{ junior_staff: string; senior_staff: string; manager: string; hr: string; ceo: string; admin: string; }'.
src/components/StaffManagement.tsx(308,10): error TS7053: Element implicitly has an 'any' type because expression of type 'any' can't be used to index type '{ junior_staff: string; senior_staff: string; manager: string; hr: string; admin: string; ceo: string; }'.
src/components/StaffManagement.tsx(313,9): error TS6133: 'saveProfileFields' is declared but its value is never read.
src/components/StaffManagement.tsx(317,36): error TS2339: Property 'id' does not exist on type 'never'.
src/components/StaffManagement.tsx(322,58): error TS2339: Property 'employee_id' does not exist on type '{}'.
src/components/StaffManagement.tsx(324,36): error TS2554: Expected 0 arguments, but got 1.
src/components/StaffManagement.tsx(325,17): error TS2339: Property 'employee_id' does not exist on type '{}'.
src/components/StaffManagement.tsx(327,56): error TS2339: Property 'hire_date' does not exist on type '{}'.
src/components/StaffManagement.tsx(328,17): error TS2339: Property 'hire_date' does not exist on type '{}'.
src/components/StaffManagement.tsx(335,69): error TS2339: Property 'id' does not exist on type 'never'.
src/components/StaffManagement.tsx(336,15): error TS6133: 'updatedUser' is declared but its value is never read.
src/components/StaffManagement.tsx(337,19): error TS2554: Expected 0 arguments, but got 1.
src/components/StaffManagement.tsx(340,51): error TS2698: Spread types may only be created from object types.
src/components/StaffManagement.tsx(341,53): error TS18047: 'profileModal.employee' is possibly 'null'.
src/components/StaffManagement.tsx(343,19): error TS2554: Expected 0 arguments, but got 1.
src/components/StaffManagement.tsx(368,21): error TS2554: Expected 0 arguments, but got 1.
src/components/StaffManagement.tsx(384,21): error TS2554: Expected 0 arguments, but got 1.
src/components/StaffManagement.tsx(388,21): error TS2554: Expected 0 arguments, but got 1.
src/components/StaffManagement.tsx(388,47): error TS18046: 'e' is of type 'unknown'.
src/contexts/ToastContext.tsx(1,8): error TS6133: 'React' is declared but its value is never read.
src/contexts/ToastContext.tsx(11,33): error TS7031: Binding element 'children' implicitly has an 'any' type.
src/contexts/ToastContext.tsx(15,36): error TS7006: Parameter 'id' implicitly has an 'any' type.
src/contexts/ToastContext.tsx(16,46): error TS2339: Property 'id' does not exist on type 'never'.
src/contexts/ToastContext.tsx(17,9): error TS7053: Element implicitly has an 'any' type because expression of type 'any' can't be used to index type '{}'.
src/contexts/ToastContext.tsx(18,20): error TS7053: Element implicitly has an 'any' type because expression of type 'any' can't be used to index type '{}'.
src/contexts/ToastContext.tsx(19,14): error TS7053: Element implicitly has an 'any' type because expression of type 'any' can't be used to index type '{}'.
src/contexts/ToastContext.tsx(23,34): error TS7006: Parameter 'opts' implicitly has an 'any' type.
src/contexts/ToastContext.tsx(31,15): error TS2345: Argument of type '(prev: never[]) => { id: number; type: any; message: any; duration: any; }[]' is not assignable to parameter of type 'SetStateAction<never[]>'.
  Type '(prev: never[]) => { id: number; type: any; message: any; duration: any; }[]' is not assignable to type '(prevState: never[]) => never[]'.
    Type '{ id: number; type: any; message: any; duration: any; }[]' is not assignable to type 'never[]'.
      Type '{ id: number; type: any; message: any; duration: any; }' is not assignable to type 'never'.
src/contexts/ToastContext.tsx(32,5): error TS7053: Element implicitly has an 'any' type because expression of type 'number' can't be used to index type '{}'.
  No index signature with a parameter of type 'number' was found on type '{}'.
src/contexts/ToastContext.tsx(38,50): error TS2345: Argument of type '(id: number | undefined) => void' is not assignable to parameter of type '(value: unknown, index: number, array: unknown[]) => void'.
  Types of parameters 'id' and 'value' are incompatible.
    Type 'unknown' is not assignable to type 'number | undefined'.
src/contexts/ToastContext.tsx(46,28): error TS2322: Type '{ showToast: (opts: any) => number; removeToast: (id: any) => void; }' is not assignable to type '{ showToast: () => void; }'.
  Types of property 'showToast' are incompatible.
    Type '(opts: any) => number' is not assignable to type '() => void'.
      Target signature provides too few arguments. Expected 1 or more, but got 0.
src/contexts/ToastContext.tsx(56,20): error TS2339: Property 'id' does not exist on type 'never'.
src/contexts/ToastContext.tsx(58,17): error TS2339: Property 'type' does not exist on type 'never'.
src/contexts/ToastContext.tsx(60,21): error TS2339: Property 'type' does not exist on type 'never'.
src/contexts/ToastContext.tsx(67,19): error TS2339: Property 'type' does not exist on type 'never'.
src/contexts/ToastContext.tsx(67,70): error TS2339: Property 'type' does not exist on type 'never'.
src/contexts/ToastContext.tsx(71,18): error TS2339: Property 'type' does not exist on type 'never'.
src/contexts/ToastContext.tsx(71,47): error TS2339: Property 'type' does not exist on type 'never'.
src/contexts/ToastContext.tsx(73,62): error TS2339: Property 'message' does not exist on type 'never'.
src/contexts/ToastContext.tsx(75,44): error TS2339: Property 'id' does not exist on type 'never'.
